Using pre-set license
Built from '2020.2/release' branch; Version is '2020.2.2f1 (068178b99f32) revision 426360'; Using compiler version '192528614'; Build Type 'Release'
OS: 'Windows 10 Home; OS build 19042.985; Version 2009; 64bit' Language: 'nl' Physical Memory: 16261 MB
BatchMode: 1, IsHumanControllingUs: 0, StartBugReporterOnCrash: 0, Is64bit: 1, IsPro: 0

 COMMAND LINE ARGUMENTS:
C:\Program Files\Unity\Hub\Editor\2020.2.2f1\Editor\Unity.exe
-adb2
-batchMode
-noUpm
-name
AssetImportWorker0
-projectPath
C:/Users/Diego/OneDrive - Mediacollege Amsterdam/GitHub/Mythe2021/MytheProject2021
-logFile
Logs/AssetImportWorker0.log
-srvPort
50018
Successfully changed project path to: C:/Users/Diego/OneDrive - Mediacollege Amsterdam/GitHub/Mythe2021/MytheProject2021
C:/Users/Diego/OneDrive - Mediacollege Amsterdam/GitHub/Mythe2021/MytheProject2021
Using Asset Import Pipeline V2.
Refreshing native plugins compatible for Editor in 23.33 ms, found 0 plugins.
Preloading 0 native plugins for Editor in 0.00 ms.
Initialize engine version: 2020.2.2f1 (068178b99f32)
[Subsystems] Discovering subsystems at path C:/Program Files/Unity/Hub/Editor/2020.2.2f1/Editor/Data/Resources/UnitySubsystems
[Subsystems] Discovering subsystems at path C:/Users/Diego/OneDrive - Mediacollege Amsterdam/GitHub/Mythe2021/MytheProject2021/Assets
GfxDevice: creating device client; threaded=0
Direct3D:
    Version:  Direct3D 11.0 [level 11.1]
    Renderer: NVIDIA GeForce GTX 1660 Ti (ID=0x2191)
    Vendor:   
    VRAM:     5991 MB
    Driver:   27.21.14.6230
Initialize mono
Mono path[0] = 'C:/Program Files/Unity/Hub/Editor/2020.2.2f1/Editor/Data/Managed'
Mono path[1] = 'C:/Program Files/Unity/Hub/Editor/2020.2.2f1/Editor/Data/MonoBleedingEdge/lib/mono/unityjit'
Mono config path = 'C:/Program Files/Unity/Hub/Editor/2020.2.2f1/Editor/Data/MonoBleedingEdge/etc'
Using monoOptions --debugger-agent=transport=dt_socket,embedding=1,server=y,suspend=n,address=127.0.0.1:56564
Begin MonoManager ReloadAssembly
Registering precompiled unity dll's ...
Register platform support module: C:/Program Files/Unity/Hub/Editor/2020.2.2f1/Editor/Data/PlaybackEngines/WindowsStandaloneSupport/UnityEditor.WindowsStandalone.Extensions.dll
Registered in 0.002211 seconds.
Native extension for WindowsStandalone target not found
Refreshing native plugins compatible for Editor in 21.54 ms, found 0 plugins.
Preloading 0 native plugins for Editor in 0.00 ms.
Invoked RoslynAnalysisRunner static constructor.
RoslynAnalysisRunner will not be running.
RoslynAnalysisRunner has terminated.
Mono: successfully reloaded assembly
- Completed reload, in  1.139 seconds
Platform modules already initialized, skipping
Registering precompiled user dll's ...
Registered in 0.000819 seconds.
Begin MonoManager ReloadAssembly
Native extension for WindowsStandalone target not found
Refreshing native plugins compatible for Editor in 0.22 ms, found 0 plugins.
Preloading 0 native plugins for Editor in 0.00 ms.
Invoked RoslynAnalysisRunner static constructor.
RoslynAnalysisRunner will not be running.
RoslynAnalysisRunner has terminated.
Mono: successfully reloaded assembly
- Completed reload, in  0.741 seconds
Platform modules already initialized, skipping
========================================================================
Worker process is ready to serve import requests
Launched and connected shader compiler UnityShaderCompiler.exe after 0.04 seconds
Refreshing native plugins compatible for Editor in 0.18 ms, found 0 plugins.
Preloading 0 native plugins for Editor in 0.00 ms.
Unloading 1107 Unused Serialized files (Serialized files now loaded: 0)
System memory in use before: 57.9 MB.
System memory in use after: 58.0 MB.

Unloading 10 unused Assets to reduce memory usage. Loaded Objects now: 1551.
Total: 1.749800 ms (FindLiveObjects: 0.113800 ms CreateObjectMapping: 0.033100 ms MarkObjects: 1.536800 ms  DeleteObjects: 0.065200 ms)

========================================================================
Received Prepare
Refreshing native plugins compatible for Editor in 0.81 ms, found 0 plugins.
Preloading 0 native plugins for Editor in 0.00 ms.
Unloading 3 Unused Serialized files (Serialized files now loaded: 0)
System memory in use before: 35.9 MB.
System memory in use after: 36.0 MB.

Unloading 3 unused Assets to reduce memory usage. Loaded Objects now: 1551.
Total: 1.548100 ms (FindLiveObjects: 0.119900 ms CreateObjectMapping: 0.036600 ms MarkObjects: 1.354400 ms  DeleteObjects: 0.036400 ms)

========================================================================
Received Import Request.
  path: Assets/Scenes/Game/Tutorial 1.unity
  artifactKey: Guid(1bfe754633c1c614c8893b1299e70051) Importer(815301076,1909f56bfc062723c751e8b465ee728b)
Start importing Assets/Scenes/Game/Tutorial 1.unity using Guid(1bfe754633c1c614c8893b1299e70051) Importer(815301076,1909f56bfc062723c751e8b465ee728b)  -> (artifact id: 'a7a9d38f21f8d184f72715f0a23b177a') in 0.011508 seconds
  Import took 0.013297 seconds .

========================================================================
Received Import Request.
  Time since last request: 0.000479 seconds.
  path: Assets/Scenes/Game/Tutorial.unity
  artifactKey: Guid(2b38ca3975a5a6f4989c51d2a6e441fc) Importer(815301076,1909f56bfc062723c751e8b465ee728b)
Start importing Assets/Scenes/Game/Tutorial.unity using Guid(2b38ca3975a5a6f4989c51d2a6e441fc) Importer(815301076,1909f56bfc062723c751e8b465ee728b)  -> (artifact id: 'a1f1967b2ca5a7f19940401f480e8be1') in 0.002544 seconds
  Import took 0.004091 seconds .

========================================================================
Received Import Request.
  Time since last request: 17.799285 seconds.
  path: Assets/Scenes/Game/Level1.unity
  artifactKey: Guid(1bfe754633c1c614c8893b1299e70051) Importer(815301076,1909f56bfc062723c751e8b465ee728b)
Start importing Assets/Scenes/Game/Level1.unity using Guid(1bfe754633c1c614c8893b1299e70051) Importer(815301076,1909f56bfc062723c751e8b465ee728b)  -> (artifact id: '9d0f4d957f19cc89a5a5531c4959a638') in 0.004121 seconds
  Import took 0.006334 seconds .

========================================================================
Received Import Request.
  Time since last request: 0.001515 seconds.
  path: Assets/Scenes/Game/Level1.unity
  artifactKey: Guid(1bfe754633c1c614c8893b1299e70051) Importer(815301076,1909f56bfc062723c751e8b465ee728b)
Start importing Assets/Scenes/Game/Level1.unity using Guid(1bfe754633c1c614c8893b1299e70051) Importer(815301076,1909f56bfc062723c751e8b465ee728b)  -> (artifact id: '9d0f4d957f19cc89a5a5531c4959a638') in 0.003059 seconds
  Import took 0.004784 seconds .

AssetImportWorkerClient::OnTransportError - code=2 error=End of file
